Apr 01, 2022 4:06:17 PM werkit.WerkIt <init>
INFO: Components instantiated.
Apr 01, 2022 4:06:17 PM storage.FileManager createDataDirectory
INFO: A new data directory was created.
Apr 01, 2022 4:06:17 PM storage.FileManager createExerciseFile
INFO: A new exercise file was created.
Apr 01, 2022 4:06:17 PM storage.FileManager createWorkoutFile
INFO: A new workout file was created.
Apr 01, 2022 4:06:17 PM storage.FileManager createPlanFile
INFO: A new plan file was created.
Apr 01, 2022 4:06:17 PM storage.FileManager createScheduleFile
INFO: A new schedule file was created.
Apr 01, 2022 4:06:17 PM werkit.WerkIt loadExerciseFile
INFO: Exercise file data loaded.
Apr 01, 2022 4:06:33 PM werkit.WerkIt <init>
INFO: Components instantiated.
Apr 01, 2022 4:06:33 PM storage.FileManager checkIfDataDirectoryAlreadyExists
INFO: Resource directory already exists.
Apr 01, 2022 4:06:33 PM storage.FileManager checkIfExerciseFileAlreadyExists
INFO: Exercise file already exists.
Apr 01, 2022 4:06:33 PM storage.FileManager checkIfWorkoutFileAlreadyExists
INFO: Workout file already exists.
Apr 01, 2022 4:06:33 PM storage.FileManager checkIfPlanFileAlreadyExists
INFO: Plan file already exists.
Apr 01, 2022 4:06:33 PM storage.FileManager checkIfScheduleFileAlreadyExists
INFO: Schedule file already exists.
Apr 01, 2022 4:06:33 PM werkit.WerkIt loadExerciseFile
INFO: Exercise file data loaded.
Apr 01, 2022 4:06:33 PM werkit.WerkIt loadWorkoutFile
INFO: Workout file data loaded.
Apr 01, 2022 4:06:33 PM werkit.WerkIt loadPlanFile
INFO: Plan file data loaded.
Apr 01, 2022 4:06:33 PM werkit.WerkIt loadScheduleFile
INFO: Schedule file data loaded.
Apr 01, 2022 4:07:33 PM werkit.Parser parseUserInput
WARNING: Unknown command entered by user.
Apr 01, 2022 4:07:33 PM werkit.WerkIt startContinuousUserPrompt
WARNING: User has entered an invalid command.
Apr 01, 2022 4:07:36 PM werkit.Parser parseUserInput
WARNING: Unknown command entered by user.
Apr 01, 2022 4:07:36 PM werkit.WerkIt startContinuousUserPrompt
WARNING: User has entered an invalid command.
Apr 01, 2022 4:07:46 PM werkit.Parser parseUserInput
WARNING: Unknown command entered by user.
Apr 01, 2022 4:07:46 PM werkit.WerkIt startContinuousUserPrompt
WARNING: User has entered an invalid command.
Apr 01, 2022 4:10:40 PM werkit.Parser createExerciseCommand
WARNING: User has entered an invalid action under exercise command.
Apr 01, 2022 4:10:40 PM werkit.WerkIt startContinuousUserPrompt
WARNING: User has entered an invalid command.
Apr 01, 2022 4:10:45 PM werkit.WerkIt <init>
INFO: Components instantiated.
Apr 01, 2022 4:10:45 PM storage.FileManager checkIfDataDirectoryAlreadyExists
INFO: Resource directory already exists.
Apr 01, 2022 4:10:45 PM storage.FileManager checkIfExerciseFileAlreadyExists
INFO: Exercise file already exists.
Apr 01, 2022 4:10:45 PM storage.FileManager checkIfWorkoutFileAlreadyExists
INFO: Workout file already exists.
Apr 01, 2022 4:10:45 PM storage.FileManager checkIfPlanFileAlreadyExists
INFO: Plan file already exists.
Apr 01, 2022 4:10:45 PM storage.FileManager checkIfScheduleFileAlreadyExists
INFO: Schedule file already exists.
Apr 01, 2022 4:10:45 PM werkit.WerkIt loadExerciseFile
INFO: Exercise file data loaded.
Apr 01, 2022 4:10:45 PM werkit.WerkIt loadWorkoutFile
INFO: Workout file data loaded.
Apr 01, 2022 4:10:45 PM werkit.WerkIt loadPlanFile
INFO: Plan file data loaded.
Apr 01, 2022 4:10:45 PM werkit.WerkIt loadScheduleFile
INFO: Schedule file data loaded.
Apr 01, 2022 4:11:52 PM werkit.Parser createExerciseCommand
WARNING: User has entered an invalid action under exercise command.
Apr 01, 2022 4:11:52 PM werkit.WerkIt startContinuousUserPrompt
WARNING: User has entered an invalid command.
Apr 01, 2022 4:12:53 PM commands.WorkoutCommand execute
WARNING: A non-formattable number was received!
Apr 01, 2022 4:12:53 PM commands.WorkoutCommand execute
WARNING: A non-formattable number was received!
Apr 01, 2022 4:12:53 PM commands.WorkoutCommand execute
WARNING: A non-formattable number was received!
Apr 01, 2022 4:13:02 PM data.workouts.WorkoutList createAndAddWorkout
WARNING: Exercise name is invalid.
Apr 01, 2022 4:13:06 PM data.workouts.WorkoutList createAndAddWorkout
WARNING: Exercise name is invalid.
Apr 01, 2022 4:13:15 PM commands.WorkoutCommand execute
WARNING: A non-formattable number was received!
Apr 01, 2022 4:13:15 PM commands.WorkoutCommand execute
WARNING: A non-formattable number was received!
Apr 01, 2022 4:13:15 PM commands.WorkoutCommand execute
WARNING: A non-formattable number was received!
Apr 01, 2022 4:13:15 PM commands.WorkoutCommand execute
WARNING: A non-formattable number was received!
Apr 01, 2022 4:13:15 PM commands.WorkoutCommand execute
WARNING: A non-formattable number was received!
Apr 01, 2022 4:13:15 PM commands.WorkoutCommand execute
WARNING: A non-formattable number was received!
Apr 01, 2022 4:13:23 PM commands.WorkoutCommand execute
WARNING: A non-formattable number was received!
Apr 01, 2022 4:13:23 PM commands.WorkoutCommand execute
WARNING: A non-formattable number was received!
Apr 01, 2022 4:13:23 PM commands.WorkoutCommand execute
WARNING: A non-formattable number was received!
Apr 01, 2022 4:13:23 PM commands.WorkoutCommand execute
WARNING: A non-formattable number was received!
Apr 01, 2022 4:13:23 PM commands.WorkoutCommand execute
WARNING: A non-formattable number was received!
Apr 01, 2022 4:13:23 PM commands.WorkoutCommand execute
WARNING: A non-formattable number was received!
Apr 01, 2022 4:13:23 PM commands.WorkoutCommand execute
WARNING: A non-formattable number was received!
Apr 01, 2022 4:13:26 PM commands.WorkoutCommand execute
WARNING: A non-formattable number was received!
Apr 01, 2022 4:13:26 PM commands.WorkoutCommand execute
WARNING: A non-formattable number was received!
Apr 01, 2022 4:13:26 PM commands.WorkoutCommand execute
WARNING: A non-formattable number was received!
Apr 01, 2022 4:13:26 PM commands.WorkoutCommand execute
WARNING: A non-formattable number was received!
Apr 01, 2022 4:13:26 PM commands.WorkoutCommand execute
WARNING: A non-formattable number was received!
Apr 01, 2022 4:13:26 PM commands.WorkoutCommand execute
WARNING: A non-formattable number was received!
Apr 01, 2022 4:13:26 PM commands.WorkoutCommand execute
WARNING: A non-formattable number was received!
Apr 01, 2022 4:13:26 PM commands.WorkoutCommand execute
WARNING: A non-formattable number was received!
Apr 01, 2022 4:13:29 PM data.workouts.WorkoutList createAndAddWorkout
WARNING: Exercise name is invalid.
Apr 01, 2022 4:13:38 PM data.workouts.WorkoutList createAndAddWorkout
INFO: New workout created.
Apr 01, 2022 4:15:39 PM werkit.Parser parseUserInput
WARNING: Unknown command entered by user.
Apr 01, 2022 4:15:39 PM werkit.WerkIt startContinuousUserPrompt
WARNING: User has entered an invalid command.
Apr 01, 2022 4:15:49 PM werkit.Parser parseUserInput
WARNING: Unknown command entered by user.
Apr 01, 2022 4:15:49 PM werkit.WerkIt startContinuousUserPrompt
WARNING: User has entered an invalid command.
Apr 01, 2022 4:16:16 PM data.workouts.WorkoutList createAndAddWorkout
INFO: New workout created.
Apr 01, 2022 4:16:21 PM data.workouts.WorkoutList createAndAddWorkout
WARNING: Exercise name is invalid.
Apr 01, 2022 4:16:53 PM werkit.Parser createWorkoutCommand
WARNING: User has entered an invalid delete workout command action.
Apr 01, 2022 4:16:53 PM werkit.WerkIt startContinuousUserPrompt
WARNING: User has entered an invalid command.
Apr 01, 2022 4:16:57 PM commands.WorkoutCommand execute
WARNING: A non-formattable number was received!
Apr 01, 2022 4:16:57 PM commands.WorkoutCommand execute
WARNING: A non-formattable number was received!
Apr 01, 2022 4:16:57 PM commands.WorkoutCommand execute
WARNING: A non-formattable number was received!
Apr 01, 2022 4:16:57 PM commands.WorkoutCommand execute
WARNING: A non-formattable number was received!
Apr 01, 2022 4:16:57 PM commands.WorkoutCommand execute
WARNING: A non-formattable number was received!
Apr 01, 2022 4:16:57 PM commands.WorkoutCommand execute
WARNING: A non-formattable number was received!
Apr 01, 2022 4:16:57 PM commands.WorkoutCommand execute
WARNING: A non-formattable number was received!
Apr 01, 2022 4:16:57 PM commands.WorkoutCommand execute
WARNING: A non-formattable number was received!
Apr 01, 2022 4:16:57 PM commands.WorkoutCommand execute
WARNING: A non-formattable number was received!
Apr 01, 2022 4:16:57 PM commands.WorkoutCommand execute
WARNING: A non-formattable number was received!
Apr 01, 2022 4:16:57 PM commands.WorkoutCommand execute
WARNING: A non-formattable number was received!
Apr 01, 2022 4:16:57 PM commands.WorkoutCommand execute
WARNING: A non-formattable number was received!
Apr 01, 2022 4:16:57 PM commands.WorkoutCommand execute
WARNING: A non-formattable number was received!
Apr 01, 2022 4:16:57 PM commands.WorkoutCommand execute
WARNING: A non-formattable number was received!
Apr 01, 2022 4:16:57 PM commands.WorkoutCommand execute
WARNING: A non-formattable number was received!
Apr 01, 2022 4:16:57 PM commands.WorkoutCommand execute
WARNING: A non-formattable number was received!
Apr 01, 2022 4:17:01 PM data.workouts.WorkoutList deleteWorkout
WARNING: Workout number to delete is out of range!
Apr 01, 2022 4:17:07 PM data.workouts.WorkoutList deleteWorkout
WARNING: Workout number to delete is out of range!
Apr 01, 2022 4:26:13 PM commands.WorkoutCommand execute
WARNING: A non-formattable number was received!
Apr 01, 2022 4:26:13 PM commands.WorkoutCommand execute
WARNING: A non-formattable number was received!
Apr 01, 2022 4:26:13 PM commands.WorkoutCommand execute
WARNING: A non-formattable number was received!
Apr 01, 2022 4:26:13 PM commands.WorkoutCommand execute
WARNING: A non-formattable number was received!
Apr 01, 2022 4:26:13 PM commands.WorkoutCommand execute
WARNING: A non-formattable number was received!
Apr 01, 2022 4:26:13 PM commands.WorkoutCommand execute
WARNING: A non-formattable number was received!
Apr 01, 2022 4:26:13 PM commands.WorkoutCommand execute
WARNING: A non-formattable number was received!
Apr 01, 2022 4:26:13 PM commands.WorkoutCommand execute
WARNING: A non-formattable number was received!
Apr 01, 2022 4:26:13 PM commands.WorkoutCommand execute
WARNING: A non-formattable number was received!
Apr 01, 2022 4:26:13 PM commands.WorkoutCommand execute
WARNING: A non-formattable number was received!
Apr 01, 2022 4:26:13 PM commands.WorkoutCommand execute
WARNING: A non-formattable number was received!
Apr 01, 2022 4:26:13 PM commands.WorkoutCommand execute
WARNING: A non-formattable number was received!
Apr 01, 2022 4:26:13 PM commands.WorkoutCommand execute
WARNING: A non-formattable number was received!
Apr 01, 2022 4:26:13 PM commands.WorkoutCommand execute
WARNING: A non-formattable number was received!
Apr 01, 2022 4:26:13 PM commands.WorkoutCommand execute
WARNING: A non-formattable number was received!
Apr 01, 2022 4:26:13 PM commands.WorkoutCommand execute
WARNING: A non-formattable number was received!
Apr 01, 2022 4:26:13 PM commands.WorkoutCommand execute
WARNING: A non-formattable number was received!
Apr 01, 2022 4:26:13 PM commands.WorkoutCommand execute
WARNING: A non-formattable number was received!
Apr 01, 2022 4:26:13 PM commands.WorkoutCommand execute
WARNING: A non-formattable number was received!
Apr 01, 2022 4:26:13 PM commands.WorkoutCommand execute
WARNING: A non-formattable number was received!
Apr 01, 2022 4:26:13 PM commands.WorkoutCommand execute
WARNING: A non-formattable number was received!
Apr 01, 2022 4:26:41 PM commands.WorkoutCommand execute
WARNING: A non-formattable number was received!
Apr 01, 2022 4:26:41 PM commands.WorkoutCommand execute
WARNING: A non-formattable number was received!
Apr 01, 2022 4:26:41 PM commands.WorkoutCommand execute
WARNING: A non-formattable number was received!
Apr 01, 2022 4:26:41 PM commands.WorkoutCommand execute
WARNING: A non-formattable number was received!
Apr 01, 2022 4:26:41 PM commands.WorkoutCommand execute
WARNING: A non-formattable number was received!
Apr 01, 2022 4:26:41 PM commands.WorkoutCommand execute
WARNING: A non-formattable number was received!
Apr 01, 2022 4:26:41 PM commands.WorkoutCommand execute
WARNING: A non-formattable number was received!
Apr 01, 2022 4:26:41 PM commands.WorkoutCommand execute
WARNING: A non-formattable number was received!
Apr 01, 2022 4:26:41 PM commands.WorkoutCommand execute
WARNING: A non-formattable number was received!
Apr 01, 2022 4:26:41 PM commands.WorkoutCommand execute
WARNING: A non-formattable number was received!
Apr 01, 2022 4:26:41 PM commands.WorkoutCommand execute
WARNING: A non-formattable number was received!
Apr 01, 2022 4:26:41 PM commands.WorkoutCommand execute
WARNING: A non-formattable number was received!
Apr 01, 2022 4:26:41 PM commands.WorkoutCommand execute
WARNING: A non-formattable number was received!
Apr 01, 2022 4:26:41 PM commands.WorkoutCommand execute
WARNING: A non-formattable number was received!
Apr 01, 2022 4:26:41 PM commands.WorkoutCommand execute
WARNING: A non-formattable number was received!
Apr 01, 2022 4:26:41 PM commands.WorkoutCommand execute
WARNING: A non-formattable number was received!
Apr 01, 2022 4:26:41 PM commands.WorkoutCommand execute
WARNING: A non-formattable number was received!
Apr 01, 2022 4:26:41 PM commands.WorkoutCommand execute
WARNING: A non-formattable number was received!
Apr 01, 2022 4:26:41 PM commands.WorkoutCommand execute
WARNING: A non-formattable number was received!
Apr 01, 2022 4:26:41 PM commands.WorkoutCommand execute
WARNING: A non-formattable number was received!
Apr 01, 2022 4:26:41 PM commands.WorkoutCommand execute
WARNING: A non-formattable number was received!
Apr 01, 2022 4:26:41 PM commands.WorkoutCommand execute
WARNING: A non-formattable number was received!
Apr 01, 2022 4:26:41 PM commands.WorkoutCommand execute
WARNING: A non-formattable number was received!
Apr 01, 2022 4:26:41 PM commands.WorkoutCommand execute
WARNING: A non-formattable number was received!
Apr 01, 2022 4:26:41 PM commands.WorkoutCommand execute
WARNING: A non-formattable number was received!
Apr 01, 2022 4:26:44 PM commands.WorkoutCommand execute
WARNING: A non-formattable number was received!
Apr 01, 2022 4:26:44 PM commands.WorkoutCommand execute
WARNING: A non-formattable number was received!
Apr 01, 2022 4:26:44 PM commands.WorkoutCommand execute
WARNING: A non-formattable number was received!
Apr 01, 2022 4:26:44 PM commands.WorkoutCommand execute
WARNING: A non-formattable number was received!
Apr 01, 2022 4:26:44 PM commands.WorkoutCommand execute
WARNING: A non-formattable number was received!
Apr 01, 2022 4:26:44 PM commands.WorkoutCommand execute
WARNING: A non-formattable number was received!
Apr 01, 2022 4:26:44 PM commands.WorkoutCommand execute
WARNING: A non-formattable number was received!
Apr 01, 2022 4:26:44 PM commands.WorkoutCommand execute
WARNING: A non-formattable number was received!
Apr 01, 2022 4:26:44 PM commands.WorkoutCommand execute
WARNING: A non-formattable number was received!
Apr 01, 2022 4:26:44 PM commands.WorkoutCommand execute
WARNING: A non-formattable number was received!
Apr 01, 2022 4:26:44 PM commands.WorkoutCommand execute
WARNING: A non-formattable number was received!
Apr 01, 2022 4:26:44 PM commands.WorkoutCommand execute
WARNING: A non-formattable number was received!
Apr 01, 2022 4:26:44 PM commands.WorkoutCommand execute
WARNING: A non-formattable number was received!
Apr 01, 2022 4:26:44 PM commands.WorkoutCommand execute
WARNING: A non-formattable number was received!
Apr 01, 2022 4:26:44 PM commands.WorkoutCommand execute
WARNING: A non-formattable number was received!
Apr 01, 2022 4:26:44 PM commands.WorkoutCommand execute
WARNING: A non-formattable number was received!
Apr 01, 2022 4:26:44 PM commands.WorkoutCommand execute
WARNING: A non-formattable number was received!
Apr 01, 2022 4:26:44 PM commands.WorkoutCommand execute
WARNING: A non-formattable number was received!
Apr 01, 2022 4:26:44 PM commands.WorkoutCommand execute
WARNING: A non-formattable number was received!
Apr 01, 2022 4:26:44 PM commands.WorkoutCommand execute
WARNING: A non-formattable number was received!
Apr 01, 2022 4:26:44 PM commands.WorkoutCommand execute
WARNING: A non-formattable number was received!
Apr 01, 2022 4:26:44 PM commands.WorkoutCommand execute
WARNING: A non-formattable number was received!
Apr 01, 2022 4:26:44 PM commands.WorkoutCommand execute
WARNING: A non-formattable number was received!
Apr 01, 2022 4:26:44 PM commands.WorkoutCommand execute
WARNING: A non-formattable number was received!
Apr 01, 2022 4:26:44 PM commands.WorkoutCommand execute
WARNING: A non-formattable number was received!
Apr 01, 2022 4:26:44 PM commands.WorkoutCommand execute
WARNING: A non-formattable number was received!
Apr 01, 2022 4:26:48 PM commands.WorkoutCommand execute
WARNING: A non-formattable number was received!
Apr 01, 2022 4:26:48 PM commands.WorkoutCommand execute
WARNING: A non-formattable number was received!
Apr 01, 2022 4:26:48 PM commands.WorkoutCommand execute
WARNING: A non-formattable number was received!
Apr 01, 2022 4:26:48 PM commands.WorkoutCommand execute
WARNING: A non-formattable number was received!
Apr 01, 2022 4:26:48 PM commands.WorkoutCommand execute
WARNING: A non-formattable number was received!
Apr 01, 2022 4:26:48 PM commands.WorkoutCommand execute
WARNING: A non-formattable number was received!
Apr 01, 2022 4:26:48 PM commands.WorkoutCommand execute
WARNING: A non-formattable number was received!
Apr 01, 2022 4:26:48 PM commands.WorkoutCommand execute
WARNING: A non-formattable number was received!
Apr 01, 2022 4:26:48 PM commands.WorkoutCommand execute
WARNING: A non-formattable number was received!
Apr 01, 2022 4:26:48 PM commands.WorkoutCommand execute
WARNING: A non-formattable number was received!
Apr 01, 2022 4:26:48 PM commands.WorkoutCommand execute
WARNING: A non-formattable number was received!
Apr 01, 2022 4:26:48 PM commands.WorkoutCommand execute
WARNING: A non-formattable number was received!
Apr 01, 2022 4:26:48 PM commands.WorkoutCommand execute
WARNING: A non-formattable number was received!
Apr 01, 2022 4:26:48 PM commands.WorkoutCommand execute
WARNING: A non-formattable number was received!
Apr 01, 2022 4:26:48 PM commands.WorkoutCommand execute
WARNING: A non-formattable number was received!
Apr 01, 2022 4:26:48 PM commands.WorkoutCommand execute
WARNING: A non-formattable number was received!
Apr 01, 2022 4:26:48 PM commands.WorkoutCommand execute
WARNING: A non-formattable number was received!
Apr 01, 2022 4:26:48 PM commands.WorkoutCommand execute
WARNING: A non-formattable number was received!
Apr 01, 2022 4:26:48 PM commands.WorkoutCommand execute
WARNING: A non-formattable number was received!
Apr 01, 2022 4:26:48 PM commands.WorkoutCommand execute
WARNING: A non-formattable number was received!
Apr 01, 2022 4:26:48 PM commands.WorkoutCommand execute
WARNING: A non-formattable number was received!
Apr 01, 2022 4:26:48 PM commands.WorkoutCommand execute
WARNING: A non-formattable number was received!
Apr 01, 2022 4:26:48 PM commands.WorkoutCommand execute
WARNING: A non-formattable number was received!
Apr 01, 2022 4:26:48 PM commands.WorkoutCommand execute
WARNING: A non-formattable number was received!
Apr 01, 2022 4:26:48 PM commands.WorkoutCommand execute
WARNING: A non-formattable number was received!
Apr 01, 2022 4:26:48 PM commands.WorkoutCommand execute
WARNING: A non-formattable number was received!
Apr 01, 2022 4:26:48 PM commands.WorkoutCommand execute
WARNING: A non-formattable number was received!
Apr 01, 2022 4:27:52 PM data.workouts.WorkoutList updateWorkout
WARNING: Repetition value is invalid.
Apr 01, 2022 4:27:55 PM data.workouts.WorkoutList updateWorkout
WARNING: Repetition value is invalid.
Apr 01, 2022 4:27:59 PM commands.WorkoutCommand execute
WARNING: A non-formattable number was received!
Apr 01, 2022 4:27:59 PM commands.WorkoutCommand execute
WARNING: A non-formattable number was received!
Apr 01, 2022 4:27:59 PM commands.WorkoutCommand execute
WARNING: A non-formattable number was received!
Apr 01, 2022 4:27:59 PM commands.WorkoutCommand execute
WARNING: A non-formattable number was received!
Apr 01, 2022 4:27:59 PM commands.WorkoutCommand execute
WARNING: A non-formattable number was received!
Apr 01, 2022 4:27:59 PM commands.WorkoutCommand execute
WARNING: A non-formattable number was received!
Apr 01, 2022 4:27:59 PM commands.WorkoutCommand execute
WARNING: A non-formattable number was received!
Apr 01, 2022 4:27:59 PM commands.WorkoutCommand execute
WARNING: A non-formattable number was received!
Apr 01, 2022 4:27:59 PM commands.WorkoutCommand execute
WARNING: A non-formattable number was received!
Apr 01, 2022 4:27:59 PM commands.WorkoutCommand execute
WARNING: A non-formattable number was received!
Apr 01, 2022 4:27:59 PM commands.WorkoutCommand execute
WARNING: A non-formattable number was received!
Apr 01, 2022 4:27:59 PM commands.WorkoutCommand execute
WARNING: A non-formattable number was received!
Apr 01, 2022 4:27:59 PM commands.WorkoutCommand execute
WARNING: A non-formattable number was received!
Apr 01, 2022 4:27:59 PM commands.WorkoutCommand execute
WARNING: A non-formattable number was received!
Apr 01, 2022 4:27:59 PM commands.WorkoutCommand execute
WARNING: A non-formattable number was received!
Apr 01, 2022 4:27:59 PM commands.WorkoutCommand execute
WARNING: A non-formattable number was received!
Apr 01, 2022 4:27:59 PM commands.WorkoutCommand execute
WARNING: A non-formattable number was received!
Apr 01, 2022 4:27:59 PM commands.WorkoutCommand execute
WARNING: A non-formattable number was received!
Apr 01, 2022 4:27:59 PM commands.WorkoutCommand execute
WARNING: A non-formattable number was received!
Apr 01, 2022 4:27:59 PM commands.WorkoutCommand execute
WARNING: A non-formattable number was received!
Apr 01, 2022 4:27:59 PM commands.WorkoutCommand execute
WARNING: A non-formattable number was received!
Apr 01, 2022 4:27:59 PM commands.WorkoutCommand execute
WARNING: A non-formattable number was received!
Apr 01, 2022 4:27:59 PM commands.WorkoutCommand execute
WARNING: A non-formattable number was received!
Apr 01, 2022 4:27:59 PM commands.WorkoutCommand execute
WARNING: A non-formattable number was received!
Apr 01, 2022 4:27:59 PM commands.WorkoutCommand execute
WARNING: A non-formattable number was received!
Apr 01, 2022 4:27:59 PM commands.WorkoutCommand execute
WARNING: A non-formattable number was received!
Apr 01, 2022 4:27:59 PM commands.WorkoutCommand execute
WARNING: A non-formattable number was received!
Apr 01, 2022 4:27:59 PM commands.WorkoutCommand execute
WARNING: A non-formattable number was received!
Apr 01, 2022 4:27:59 PM commands.WorkoutCommand execute
WARNING: A non-formattable number was received!
Apr 01, 2022 4:27:59 PM commands.WorkoutCommand execute
WARNING: A non-formattable number was received!
Apr 01, 2022 4:28:07 PM commands.WorkoutCommand execute
WARNING: A non-formattable number was received!
Apr 01, 2022 4:28:07 PM commands.WorkoutCommand execute
WARNING: A non-formattable number was received!
Apr 01, 2022 4:28:07 PM commands.WorkoutCommand execute
WARNING: A non-formattable number was received!
Apr 01, 2022 4:28:07 PM commands.WorkoutCommand execute
WARNING: A non-formattable number was received!
Apr 01, 2022 4:28:07 PM commands.WorkoutCommand execute
WARNING: A non-formattable number was received!
Apr 01, 2022 4:28:07 PM commands.WorkoutCommand execute
WARNING: A non-formattable number was received!
Apr 01, 2022 4:28:07 PM commands.WorkoutCommand execute
WARNING: A non-formattable number was received!
Apr 01, 2022 4:28:07 PM commands.WorkoutCommand execute
WARNING: A non-formattable number was received!
Apr 01, 2022 4:28:07 PM commands.WorkoutCommand execute
WARNING: A non-formattable number was received!
Apr 01, 2022 4:28:07 PM commands.WorkoutCommand execute
WARNING: A non-formattable number was received!
Apr 01, 2022 4:28:07 PM commands.WorkoutCommand execute
WARNING: A non-formattable number was received!
Apr 01, 2022 4:28:07 PM commands.WorkoutCommand execute
WARNING: A non-formattable number was received!
Apr 01, 2022 4:28:07 PM commands.WorkoutCommand execute
WARNING: A non-formattable number was received!
Apr 01, 2022 4:28:07 PM commands.WorkoutCommand execute
WARNING: A non-formattable number was received!
Apr 01, 2022 4:28:07 PM commands.WorkoutCommand execute
WARNING: A non-formattable number was received!
Apr 01, 2022 4:28:07 PM commands.WorkoutCommand execute
WARNING: A non-formattable number was received!
Apr 01, 2022 4:28:07 PM commands.WorkoutCommand execute
WARNING: A non-formattable number was received!
Apr 01, 2022 4:28:07 PM commands.WorkoutCommand execute
WARNING: A non-formattable number was received!
Apr 01, 2022 4:28:07 PM commands.WorkoutCommand execute
WARNING: A non-formattable number was received!
Apr 01, 2022 4:28:07 PM commands.WorkoutCommand execute
WARNING: A non-formattable number was received!
Apr 01, 2022 4:28:07 PM commands.WorkoutCommand execute
WARNING: A non-formattable number was received!
Apr 01, 2022 4:28:07 PM commands.WorkoutCommand execute
WARNING: A non-formattable number was received!
Apr 01, 2022 4:28:07 PM commands.WorkoutCommand execute
WARNING: A non-formattable number was received!
Apr 01, 2022 4:28:07 PM commands.WorkoutCommand execute
WARNING: A non-formattable number was received!
Apr 01, 2022 4:28:07 PM commands.WorkoutCommand execute
WARNING: A non-formattable number was received!
Apr 01, 2022 4:28:07 PM commands.WorkoutCommand execute
WARNING: A non-formattable number was received!
Apr 01, 2022 4:28:07 PM commands.WorkoutCommand execute
WARNING: A non-formattable number was received!
Apr 01, 2022 4:28:07 PM commands.WorkoutCommand execute
WARNING: A non-formattable number was received!
Apr 01, 2022 4:28:07 PM commands.WorkoutCommand execute
WARNING: A non-formattable number was received!
Apr 01, 2022 4:28:07 PM commands.WorkoutCommand execute
WARNING: A non-formattable number was received!
Apr 01, 2022 4:28:07 PM commands.WorkoutCommand execute
WARNING: A non-formattable number was received!
Apr 01, 2022 4:30:03 PM data.plans.PlanList checkWorkoutNumberWithinRange
WARNING: Workout number to add in the plan is invalid.
Apr 01, 2022 4:30:08 PM data.plans.PlanList createAndAddPlan
INFO: New plan created.
Apr 01, 2022 4:30:35 PM werkit.Parser createPlanCommand
WARNING: User has entered an invalid plan details command action.
Apr 01, 2022 4:30:35 PM werkit.WerkIt startContinuousUserPrompt
WARNING: User has entered an invalid command.
Apr 01, 2022 4:51:08 PM werkit.Parser createPlanCommand
WARNING: User has entered an invalid plan details command action.
Apr 01, 2022 4:51:08 PM werkit.WerkIt startContinuousUserPrompt
WARNING: User has entered an invalid command.
Apr 01, 2022 4:51:11 PM data.plans.PlanList listPlanDetails
WARNING: Plan index to view details is out of range!
Apr 01, 2022 4:51:45 PM data.plans.PlanList createAndAddPlan
INFO: New plan created.
Apr 01, 2022 4:51:48 PM werkit.Parser parseUserInput
WARNING: Unknown command entered by user.
Apr 01, 2022 4:51:48 PM werkit.WerkIt startContinuousUserPrompt
WARNING: User has entered an invalid command.
Apr 01, 2022 4:52:32 PM data.plans.PlanList createAndAddPlan
INFO: New plan created.
Apr 01, 2022 4:52:39 PM werkit.Parser createPlanCommand
WARNING: User has entered an invalid plan details command action.
Apr 01, 2022 4:52:39 PM werkit.WerkIt startContinuousUserPrompt
WARNING: User has entered an invalid command.
Apr 01, 2022 4:55:59 PM data.schedule.DayList updateDay
WARNING: User entered an invalid day number.
Apr 01, 2022 4:56:05 PM commands.ScheduleCommand execute
WARNING: A non-formattable number was received!
Apr 01, 2022 4:56:05 PM commands.ScheduleCommand execute
WARNING: A non-formattable number was received!
Apr 01, 2022 4:56:05 PM commands.ScheduleCommand execute
WARNING: A non-formattable number was received!
Apr 01, 2022 4:56:05 PM commands.ScheduleCommand execute
WARNING: A non-formattable number was received!
Apr 01, 2022 4:56:05 PM commands.ScheduleCommand execute
WARNING: A non-formattable number was received!
Apr 01, 2022 4:56:05 PM commands.ScheduleCommand execute
WARNING: A non-formattable number was received!
Apr 01, 2022 4:56:05 PM commands.ScheduleCommand execute
WARNING: A non-formattable number was received!
Apr 01, 2022 4:56:05 PM commands.ScheduleCommand execute
WARNING: A non-formattable number was received!
Apr 01, 2022 4:56:05 PM commands.ScheduleCommand execute
WARNING: A non-formattable number was received!
Apr 01, 2022 4:56:09 PM data.schedule.DayList updateDay
WARNING: User entered an invalid day number.
Apr 01, 2022 4:56:14 PM commands.ScheduleCommand execute
WARNING: A non-formattable number was received!
Apr 01, 2022 4:56:14 PM commands.ScheduleCommand execute
WARNING: A non-formattable number was received!
Apr 01, 2022 4:56:14 PM commands.ScheduleCommand execute
WARNING: A non-formattable number was received!
Apr 01, 2022 4:56:14 PM commands.ScheduleCommand execute
WARNING: A non-formattable number was received!
Apr 01, 2022 4:56:14 PM commands.ScheduleCommand execute
WARNING: A non-formattable number was received!
Apr 01, 2022 4:56:14 PM commands.ScheduleCommand execute
WARNING: A non-formattable number was received!
Apr 01, 2022 4:56:14 PM commands.ScheduleCommand execute
WARNING: A non-formattable number was received!
Apr 01, 2022 4:56:14 PM commands.ScheduleCommand execute
WARNING: A non-formattable number was received!
Apr 01, 2022 4:56:14 PM commands.ScheduleCommand execute
WARNING: A non-formattable number was received!
Apr 01, 2022 4:56:14 PM commands.ScheduleCommand execute
WARNING: A non-formattable number was received!
Apr 01, 2022 4:56:14 PM commands.ScheduleCommand execute
WARNING: A non-formattable number was received!
Apr 01, 2022 4:56:49 PM data.schedule.DayList clearDayPlan
WARNING: User entered an invalid day number.
Apr 01, 2022 4:56:51 PM data.schedule.DayList clearDayPlan
WARNING: User entered an invalid day number.
Apr 01, 2022 4:56:54 PM data.schedule.DayList clearDayPlan
WARNING: User entered an invalid day number.
Apr 01, 2022 4:59:15 PM werkit.Parser createSearchCommand
WARNING: User has entered an invalid search exercise command action.
Apr 01, 2022 4:59:15 PM werkit.WerkIt startContinuousUserPrompt
WARNING: User has entered an invalid command.
Apr 01, 2022 4:59:28 PM werkit.Parser createSearchCommand
WARNING: User has entered an invalid search exercise command action.
Apr 01, 2022 4:59:28 PM werkit.WerkIt startContinuousUserPrompt
WARNING: User has entered an invalid command.
Apr 01, 2022 4:59:32 PM werkit.Parser createSearchCommand
WARNING: User has entered an invalid search exercise command action.
Apr 01, 2022 4:59:32 PM werkit.WerkIt startContinuousUserPrompt
WARNING: User has entered an invalid command.
Apr 01, 2022 4:59:42 PM werkit.Parser createSearchCommand
WARNING: User has entered an invalid search command action.
Apr 01, 2022 4:59:42 PM werkit.WerkIt startContinuousUserPrompt
WARNING: User has entered an invalid command.
Apr 01, 2022 4:59:51 PM werkit.Parser createSearchCommand
WARNING: User has entered an invalid search exercise command action.
Apr 01, 2022 4:59:51 PM werkit.WerkIt startContinuousUserPrompt
WARNING: User has entered an invalid command.
Apr 01, 2022 5:02:41 PM werkit.WerkIt <init>
INFO: Components instantiated.
Apr 01, 2022 5:02:41 PM storage.FileManager checkIfDataDirectoryAlreadyExists
INFO: Resource directory already exists.
Apr 01, 2022 5:02:41 PM storage.FileManager checkIfExerciseFileAlreadyExists
INFO: Exercise file already exists.
Apr 01, 2022 5:02:41 PM storage.FileManager checkIfWorkoutFileAlreadyExists
INFO: Workout file already exists.
Apr 01, 2022 5:02:41 PM storage.FileManager checkIfPlanFileAlreadyExists
INFO: Plan file already exists.
Apr 01, 2022 5:02:41 PM storage.FileManager checkIfScheduleFileAlreadyExists
INFO: Schedule file already exists.
Apr 01, 2022 5:02:41 PM werkit.WerkIt loadExerciseFile
INFO: Exercise file data loaded.
Apr 01, 2022 5:02:41 PM data.workouts.WorkoutList createAndAddWorkout
INFO: New workout created.
Apr 01, 2022 5:02:41 PM werkit.WerkIt loadWorkoutFile
INFO: Workout file data loaded.
Apr 01, 2022 5:02:41 PM werkit.WerkIt loadPlanFile
INFO: Plan file data loaded.
Apr 01, 2022 5:02:41 PM werkit.WerkIt loadScheduleFile
INFO: Schedule file data loaded.
Apr 01, 2022 5:04:02 PM Main main
INFO: Program has finished and is exiting.
Apr 01, 2022 5:04:04 PM werkit.WerkIt <init>
INFO: Components instantiated.
Apr 01, 2022 5:04:04 PM storage.FileManager checkIfDataDirectoryAlreadyExists
INFO: Resource directory already exists.
Apr 01, 2022 5:04:04 PM storage.FileManager checkIfExerciseFileAlreadyExists
INFO: Exercise file already exists.
Apr 01, 2022 5:04:04 PM storage.FileManager checkIfWorkoutFileAlreadyExists
INFO: Workout file already exists.
Apr 01, 2022 5:04:04 PM storage.FileManager checkIfPlanFileAlreadyExists
INFO: Plan file already exists.
Apr 01, 2022 5:04:04 PM storage.FileManager checkIfScheduleFileAlreadyExists
INFO: Schedule file already exists.
Apr 01, 2022 5:04:04 PM werkit.WerkIt loadExerciseFile
INFO: Exercise file data loaded.
Apr 01, 2022 5:04:04 PM data.workouts.WorkoutList createAndAddWorkout
INFO: New workout created.
Apr 01, 2022 5:04:04 PM werkit.WerkIt loadWorkoutFile
INFO: Workout file data loaded.
Apr 01, 2022 5:04:04 PM werkit.WerkIt loadPlanFile
INFO: Plan file data loaded.
Apr 01, 2022 5:04:04 PM werkit.WerkIt loadScheduleFile
INFO: Schedule file data loaded.
Apr 01, 2022 5:04:30 PM data.workouts.WorkoutList createAndAddWorkout
WARNING: Exercise name is invalid.
Apr 01, 2022 5:04:39 PM data.workouts.WorkoutList createAndAddWorkout
INFO: New workout created.
Apr 01, 2022 5:05:03 PM werkit.WerkIt <init>
INFO: Components instantiated.
Apr 01, 2022 5:05:03 PM storage.FileManager checkIfDataDirectoryAlreadyExists
INFO: Resource directory already exists.
Apr 01, 2022 5:05:03 PM storage.FileManager checkIfExerciseFileAlreadyExists
INFO: Exercise file already exists.
Apr 01, 2022 5:05:03 PM storage.FileManager checkIfWorkoutFileAlreadyExists
INFO: Workout file already exists.
Apr 01, 2022 5:05:03 PM storage.FileManager checkIfPlanFileAlreadyExists
INFO: Plan file already exists.
Apr 01, 2022 5:05:03 PM storage.FileManager checkIfScheduleFileAlreadyExists
INFO: Schedule file already exists.
Apr 01, 2022 5:05:03 PM werkit.WerkIt loadExerciseFile
INFO: Exercise file data loaded.
Apr 01, 2022 5:05:03 PM data.workouts.WorkoutList createAndAddWorkout
INFO: New workout created.
Apr 01, 2022 5:05:03 PM data.workouts.WorkoutList createAndAddWorkout
INFO: New workout created.
Apr 01, 2022 5:05:03 PM werkit.WerkIt loadWorkoutFile
INFO: Workout file data loaded.
Apr 01, 2022 5:05:03 PM werkit.WerkIt loadPlanFile
INFO: Plan file data loaded.
Apr 01, 2022 5:05:03 PM werkit.WerkIt loadScheduleFile
INFO: Schedule file data loaded.
Apr 01, 2022 5:05:13 PM data.plans.PlanList createAndAddPlan
INFO: New plan created.
Apr 01, 2022 5:05:23 PM werkit.Parser parseUserInput
WARNING: Illegal character used by user.
Apr 01, 2022 5:05:23 PM werkit.WerkIt startContinuousUserPrompt
WARNING: User has entered an invalid command.
Apr 01, 2022 5:05:29 PM data.plans.PlanList checkPlanWithSameWorkoutSequence
WARNING: Invalid plan to add as an existing plan with same workout sequence exists.
Apr 01, 2022 5:05:39 PM data.plans.PlanList createAndAddPlan
INFO: New plan created.
Apr 01, 2022 5:05:54 PM data.plans.PlanList createAndAddPlan
INFO: New plan created.
Apr 01, 2022 5:06:11 PM data.plans.PlanList checkPlanNameValidity
WARNING: Plan name exceeds character limit.
Apr 01, 2022 5:06:25 PM data.plans.PlanList checkPlanWithSameWorkoutSequence
WARNING: Invalid plan to add as an existing plan with same workout sequence exists.
Apr 01, 2022 5:06:33 PM commands.PlanCommand execute
WARNING: A non-formattable number was received!
Apr 01, 2022 5:06:33 PM commands.PlanCommand execute
WARNING: A non-formattable number was received!
Apr 01, 2022 5:06:33 PM commands.PlanCommand execute
WARNING: A non-formattable number was received!
Apr 01, 2022 5:06:33 PM commands.PlanCommand execute
WARNING: A non-formattable number was received!
Apr 01, 2022 5:06:33 PM commands.PlanCommand execute
WARNING: A non-formattable number was received!
Apr 01, 2022 5:06:33 PM commands.PlanCommand execute
WARNING: A non-formattable number was received!
Apr 01, 2022 5:06:33 PM commands.PlanCommand execute
WARNING: A non-formattable number was received!
Apr 01, 2022 5:06:37 PM data.plans.PlanList createAndAddPlan
INFO: New plan created.
Apr 01, 2022 5:06:56 PM data.plans.PlanList checkPlanNameValidity
WARNING: Plan name is just whitespaces.
Apr 01, 2022 5:23:42 PM werkit.WerkIt <init>
INFO: Components instantiated.
Apr 01, 2022 5:23:42 PM storage.FileManager checkIfDataDirectoryAlreadyExists
INFO: Resource directory already exists.
Apr 01, 2022 5:23:42 PM storage.FileManager checkIfExerciseFileAlreadyExists
INFO: Exercise file already exists.
Apr 01, 2022 5:23:42 PM storage.FileManager checkIfWorkoutFileAlreadyExists
INFO: Workout file already exists.
Apr 01, 2022 5:23:42 PM storage.FileManager checkIfPlanFileAlreadyExists
INFO: Plan file already exists.
Apr 01, 2022 5:23:42 PM storage.FileManager checkIfScheduleFileAlreadyExists
INFO: Schedule file already exists.
Apr 01, 2022 5:23:42 PM werkit.WerkIt loadExerciseFile
INFO: Exercise file data loaded.
Apr 01, 2022 5:23:42 PM data.workouts.WorkoutList createAndAddWorkout
INFO: New workout created.
Apr 01, 2022 5:23:42 PM data.workouts.WorkoutList createAndAddWorkout
INFO: New workout created.
Apr 01, 2022 5:23:42 PM werkit.WerkIt loadWorkoutFile
INFO: Workout file data loaded.
Apr 01, 2022 5:23:42 PM werkit.WerkIt loadPlanFile
INFO: Plan file data loaded.
Apr 01, 2022 5:23:42 PM werkit.WerkIt loadScheduleFile
INFO: Schedule file data loaded.
Apr 01, 2022 5:23:48 PM data.workouts.WorkoutList createAndAddWorkout
WARNING: Exercise name is invalid.
Apr 01, 2022 5:24:09 PM werkit.WerkIt <init>
INFO: Components instantiated.
Apr 01, 2022 5:24:09 PM storage.FileManager checkIfDataDirectoryAlreadyExists
INFO: Resource directory already exists.
Apr 01, 2022 5:24:09 PM storage.FileManager checkIfExerciseFileAlreadyExists
INFO: Exercise file already exists.
Apr 01, 2022 5:24:09 PM storage.FileManager checkIfWorkoutFileAlreadyExists
INFO: Workout file already exists.
Apr 01, 2022 5:24:09 PM storage.FileManager checkIfPlanFileAlreadyExists
INFO: Plan file already exists.
Apr 01, 2022 5:24:09 PM storage.FileManager checkIfScheduleFileAlreadyExists
INFO: Schedule file already exists.
Apr 01, 2022 5:24:09 PM werkit.WerkIt loadExerciseFile
INFO: Exercise file data loaded.
Apr 01, 2022 5:24:09 PM data.workouts.WorkoutList createAndAddWorkout
INFO: New workout created.
Apr 01, 2022 5:24:09 PM data.workouts.WorkoutList createAndAddWorkout
INFO: New workout created.
Apr 01, 2022 5:24:09 PM werkit.WerkIt loadWorkoutFile
INFO: Workout file data loaded.
Apr 01, 2022 5:24:09 PM werkit.WerkIt loadPlanFile
INFO: Plan file data loaded.
Apr 01, 2022 5:24:09 PM werkit.WerkIt loadScheduleFile
INFO: Schedule file data loaded.
Apr 01, 2022 5:24:17 PM data.plans.PlanList createAndAddPlan
INFO: New plan created.
Apr 01, 2022 5:24:37 PM data.plans.PlanList checkPlanWithSameWorkoutSequence
WARNING: Invalid plan to add as an existing plan with same workout sequence exists.
Apr 01, 2022 5:24:45 PM data.plans.PlanList createAndAddPlan
INFO: New plan created.
Apr 01, 2022 5:25:48 PM data.plans.PlanList checkPlanNameValidity
WARNING: Plan name already exists.
Apr 01, 2022 5:25:52 PM data.plans.PlanList checkWorkoutNumberWithinRange
WARNING: Workout number to add in the plan is invalid.
Apr 01, 2022 5:27:43 PM data.plans.PlanList createAndAddPlan
INFO: New plan created.
Apr 01, 2022 5:29:15 PM data.plans.PlanList checkWorkoutNumberWithinRange
WARNING: Workout number to add in the plan is invalid.
Apr 01, 2022 5:29:26 PM commands.PlanCommand execute
WARNING: A non-formattable number was received!
Apr 01, 2022 5:29:26 PM commands.PlanCommand execute
WARNING: A non-formattable number was received!
Apr 01, 2022 5:29:26 PM commands.PlanCommand execute
WARNING: A non-formattable number was received!
Apr 01, 2022 5:29:26 PM commands.PlanCommand execute
WARNING: A non-formattable number was received!
Apr 01, 2022 5:29:26 PM commands.PlanCommand execute
WARNING: A non-formattable number was received!
Apr 01, 2022 5:29:26 PM commands.PlanCommand execute
WARNING: A non-formattable number was received!
Apr 01, 2022 5:29:26 PM commands.PlanCommand execute
WARNING: A non-formattable number was received!
Apr 01, 2022 5:29:26 PM commands.PlanCommand execute
WARNING: A non-formattable number was received!
Apr 01, 2022 5:29:26 PM commands.PlanCommand execute
WARNING: A non-formattable number was received!
Apr 01, 2022 5:29:26 PM commands.PlanCommand execute
WARNING: A non-formattable number was received!
Apr 01, 2022 5:29:31 PM commands.PlanCommand execute
WARNING: A non-formattable number was received!
Apr 01, 2022 5:29:31 PM commands.PlanCommand execute
WARNING: A non-formattable number was received!
Apr 01, 2022 5:29:31 PM commands.PlanCommand execute
WARNING: A non-formattable number was received!
Apr 01, 2022 5:29:31 PM commands.PlanCommand execute
WARNING: A non-formattable number was received!
Apr 01, 2022 5:29:31 PM commands.PlanCommand execute
WARNING: A non-formattable number was received!
Apr 01, 2022 5:29:31 PM commands.PlanCommand execute
WARNING: A non-formattable number was received!
Apr 01, 2022 5:29:31 PM commands.PlanCommand execute
WARNING: A non-formattable number was received!
Apr 01, 2022 5:29:31 PM commands.PlanCommand execute
WARNING: A non-formattable number was received!
Apr 01, 2022 5:29:31 PM commands.PlanCommand execute
WARNING: A non-formattable number was received!
Apr 01, 2022 5:29:31 PM commands.PlanCommand execute
WARNING: A non-formattable number was received!
Apr 01, 2022 5:29:31 PM commands.PlanCommand execute
WARNING: A non-formattable number was received!
Apr 01, 2022 5:29:34 PM data.plans.PlanList checkWorkoutNumberWithinRange
WARNING: Workout number to add in the plan is invalid.
Apr 01, 2022 5:29:54 PM werkit.Parser createSearchCommand
WARNING: User has entered an invalid search all command action.
Apr 01, 2022 5:29:54 PM werkit.WerkIt startContinuousUserPrompt
WARNING: User has entered an invalid command.
Apr 01, 2022 5:29:57 PM werkit.Parser createSearchCommand
WARNING: User has entered an invalid search all command action.
Apr 01, 2022 5:29:57 PM werkit.WerkIt startContinuousUserPrompt
WARNING: User has entered an invalid command.
Apr 01, 2022 5:31:59 PM werkit.Parser createSearchCommand
WARNING: User has entered an invalid search all command action.
Apr 01, 2022 5:31:59 PM werkit.WerkIt startContinuousUserPrompt
WARNING: User has entered an invalid command.
Apr 01, 2022 5:52:04 PM Main main
INFO: Program has finished and is exiting.
