Mar 16, 2022 6:37:38 PM seedu.planitarium.expenditure.ExpenditureList <init>
INFO: Logger for ExpenditureList initialised.
Mar 16, 2022 6:38:00 PM seedu.planitarium.expenditure.ExpenditureList addExpenditure
INFO: addExpenditure() called
Mar 16, 2022 6:38:00 PM seedu.planitarium.expenditure.ExpenditureList addExpenditure
INFO: Passed addExpenditure() assertions
Mar 16, 2022 6:38:17 PM seedu.planitarium.expenditure.ExpenditureList getNumberOfExpenditures
INFO: getNumberOfExpenditure() called
Mar 16, 2022 6:38:17 PM seedu.planitarium.expenditure.ExpenditureList getDescription
INFO: getDescription() called
Mar 16, 2022 6:38:17 PM seedu.planitarium.expenditure.ExpenditureList getDescription
INFO: Passed getDescription() Assertions
Mar 16, 2022 6:38:17 PM seedu.planitarium.expenditure.ExpenditureList getExpenditureValue
INFO: getExpenditureValue() called
Mar 16, 2022 6:38:17 PM seedu.planitarium.expenditure.ExpenditureList getExpenditureValue
INFO: Passed getExpenditureValue() assertions
Mar 16, 2022 6:38:17 PM seedu.planitarium.expenditure.ExpenditureList remove
INFO: remove() called
Mar 16, 2022 6:38:17 PM seedu.planitarium.expenditure.ExpenditureList remove
INFO: Passed remove() assertions
